<?xml version="1.0" encoding="UTF-8"?>
<!-- Generated by org.testng.reporters.JUnitReportReporter -->
<testsuite skipped="0" hostname="DESKTOP-K5O4J25" name="Transaction.InStore_Promo" tests="1" failures="0" timestamp="09 Aug 2022 04:41:17 GMT" time="345.821" errors="0">
  <testcase name="inStorePromoSearch" time="345.821" classname="Transaction.InStore_Promo"/>
</testsuite> <!-- Transaction.InStore_Promo -->
